[debug] [2026-04-02T18:08:10.373Z] ----------------------------------------------------------------------
[debug] [2026-04-02T18:08:10.376Z] Command:       C:\Program Files\nodejs\node.exe C:\Users\natou\AppData\Roaming\npm\node_modules\firebase-tools\lib\bin\firebase.js init
[debug] [2026-04-02T18:08:10.377Z] CLI Version:   15.12.0
[debug] [2026-04-02T18:08:10.377Z] Platform:      win32
[debug] [2026-04-02T18:08:10.377Z] Node Version:  v24.13.0
[debug] [2026-04-02T18:08:10.377Z] Time:          Thu Apr 02 2026 21:08:10 GMT+0300 (GMT+03:00)
[debug] [2026-04-02T18:08:10.377Z] ----------------------------------------------------------------------
[debug] 
[debug] [2026-04-02T18:08:12.770Z] Object "" in "firebase.json" has unknown property: {"additionalProperty":"flutter"}
[debug] [2026-04-02T18:08:12.775Z] Object "" in "firebase.json" has unknown property: {"additionalProperty":"flutter"}
[info] 
     ######## #### ########  ######## ########     ###     ######  ########
     ##        ##  ##     ## ##       ##     ##  ##   ##  ##       ##
     ######    ##  ########  ######   ########  #########  ######  ######
     ##        ##  ##    ##  ##       ##     ## ##     ##       ## ##
     ##       #### ##     ## ######## ########  ##     ##  ######  ########

You're about to initialize a Firebase project in this directory:

  C:\Users\natou\Documents\GitHub\Elite

Before we get started, keep in mind:

  * You are initializing within an existing Firebase project directory

[info] 
=== Project Setup
[info] 
[info] First, let's associate this project directory with a Firebase project.
[info] You can create multiple project aliases by running firebase use --add, 
[info] 
[debug] [2026-04-02T18:09:04.860Z] > command requires scopes: ["email","openid","https://www.googleapis.com/auth/cloudplatformprojects.readonly","https://www.googleapis.com/auth/firebase","https://www.googleapis.com/auth/cloud-platform"]
[debug] [2026-04-02T18:09:04.861Z] > authorizing via signed-in user (natour1010s@gmail.com)
[debug] [2026-04-02T18:09:04.863Z] Checked if tokens are valid: true, expires at: 1775155912279
[debug] [2026-04-02T18:09:04.863Z] Checked if tokens are valid: true, expires at: 1775155912279
[debug] [2026-04-02T18:09:04.865Z] >>> [apiv2][query] GET https://firebase.googleapis.com/v1beta1/projects pageSize=100
[debug] [2026-04-02T18:09:05.529Z] <<< [apiv2][status] GET https://firebase.googleapis.com/v1beta1/projects 200
[debug] [2026-04-02T18:09:05.529Z] <<< [apiv2][body] GET https://firebase.googleapis.com/v1beta1/projects [omitted]
[info] 
=== Functions Setup
[debug] [2026-04-02T18:09:07.637Z] > command requires scopes: ["email","openid","https://www.googleapis.com/auth/cloudplatformprojects.readonly","https://www.googleapis.com/auth/firebase","https://www.googleapis.com/auth/cloud-platform"]
[debug] [2026-04-02T18:09:07.637Z] > authorizing via signed-in user (natour1010s@gmail.com)
[debug] [2026-04-02T18:09:07.637Z] [iam] checking project elite-76b99 for permissions ["firebase.projects.get"]
[debug] [2026-04-02T18:09:07.638Z] Checked if tokens are valid: true, expires at: 1775155912279
[debug] [2026-04-02T18:09:07.638Z] Checked if tokens are valid: true, expires at: 1775155912279
[debug] [2026-04-02T18:09:07.638Z] >>> [apiv2][query] POST https://cloudresourcemanager.googleapis.com/v1/projects/elite-76b99:testIamPermissions [none]
[debug] [2026-04-02T18:09:07.639Z] >>> [apiv2][(partial)header] POST https://cloudresourcemanager.googleapis.com/v1/projects/elite-76b99:testIamPermissions  x-goog-user-project=elite-76b99
[debug] [2026-04-02T18:09:07.639Z] >>> [apiv2][body] POST https://cloudresourcemanager.googleapis.com/v1/projects/elite-76b99:testIamPermissions {"permissions":["firebase.projects.get"]}
[debug] [2026-04-02T18:09:08.646Z] <<< [apiv2][status] POST https://cloudresourcemanager.googleapis.com/v1/projects/elite-76b99:testIamPermissions 200
[debug] [2026-04-02T18:09:08.646Z] <<< [apiv2][body] POST https://cloudresourcemanager.googleapis.com/v1/projects/elite-76b99:testIamPermissions {"permissions":["firebase.projects.get"]}
[debug] [2026-04-02T18:09:08.647Z] Checked if tokens are valid: true, expires at: 1775155912279
[debug] [2026-04-02T18:09:08.648Z] Checked if tokens are valid: true, expires at: 1775155912279
[debug] [2026-04-02T18:09:08.648Z] Checked if tokens are valid: true, expires at: 1775155912279
[debug] [2026-04-02T18:09:08.648Z] Checked if tokens are valid: true, expires at: 1775155912279
[debug] [2026-04-02T18:09:08.648Z] >>> [apiv2][query] GET https://serviceusage.googleapis.com/v1/projects/elite-76b99/services/cloudfunctions.googleapis.com [none]
[debug] [2026-04-02T18:09:08.649Z] >>> [apiv2][(partial)header] GET https://serviceusage.googleapis.com/v1/projects/elite-76b99/services/cloudfunctions.googleapis.com  x-goog-user-project=elite-76b99
[debug] [2026-04-02T18:09:08.651Z] >>> [apiv2][query] GET https://serviceusage.googleapis.com/v1/projects/elite-76b99/services/runtimeconfig.googleapis.com [none]
[debug] [2026-04-02T18:09:08.651Z] >>> [apiv2][(partial)header] GET https://serviceusage.googleapis.com/v1/projects/elite-76b99/services/runtimeconfig.googleapis.com  x-goog-user-project=elite-76b99
[debug] [2026-04-02T18:09:09.694Z] <<< [apiv2][status] GET https://serviceusage.googleapis.com/v1/projects/elite-76b99/services/cloudfunctions.googleapis.com 200
[debug] [2026-04-02T18:09:09.695Z] <<< [apiv2][body] GET https://serviceusage.googleapis.com/v1/projects/elite-76b99/services/cloudfunctions.googleapis.com [omitted]
[debug] [2026-04-02T18:09:09.696Z] Checked if tokens are valid: true, expires at: 1775155912279
[debug] [2026-04-02T18:09:09.696Z] Checked if tokens are valid: true, expires at: 1775155912279
[debug] [2026-04-02T18:09:09.696Z] >>> [apiv2][query] POST https://serviceusage.googleapis.com/v1/projects/elite-76b99/services/cloudfunctions.googleapis.com:enable [none]
[debug] [2026-04-02T18:09:09.696Z] >>> [apiv2][(partial)header] POST https://serviceusage.googleapis.com/v1/projects/elite-76b99/services/cloudfunctions.googleapis.com:enable  x-goog-user-project=elite-76b99
[debug] [2026-04-02T18:09:09.721Z] <<< [apiv2][status] GET https://serviceusage.googleapis.com/v1/projects/elite-76b99/services/runtimeconfig.googleapis.com 200
[debug] [2026-04-02T18:09:09.721Z] <<< [apiv2][body] GET https://serviceusage.googleapis.com/v1/projects/elite-76b99/services/runtimeconfig.googleapis.com [omitted]
[debug] [2026-04-02T18:09:10.883Z] <<< [apiv2][status] POST https://serviceusage.googleapis.com/v1/projects/elite-76b99/services/cloudfunctions.googleapis.com:enable 200
[debug] [2026-04-02T18:09:10.883Z] <<< [apiv2][body] POST https://serviceusage.googleapis.com/v1/projects/elite-76b99/services/cloudfunctions.googleapis.com:enable [omitted]
[info] Let's create a new codebase for your functions.
[info] A directory corresponding to the codebase will be created in your project
[info] with sample code pre-configured.

[info] See https://firebase.google.com/docs/functions/organize-functions for
[info] more information on organizing your functions using codebases.

[info] Functions can be deployed with firebase deploy.

[info] +  Wrote functions/pubspec.yaml 
[info] +  Wrote functions/.gitignore 
[info] +  Wrote functions/bin/server.dart 
[info] 
=== Hosting Setup
[debug] [2026-04-02T18:09:47.035Z] Checked if tokens are valid: true, expires at: 1775155912279
[debug] [2026-04-02T18:09:47.035Z] Checked if tokens are valid: true, expires at: 1775155912279
[debug] [2026-04-02T18:09:47.036Z] >>> [apiv2][query] GET https://firebase.googleapis.com/v1beta1/projects/elite-76b99 [none]
[debug] [2026-04-02T18:09:47.780Z] <<< [apiv2][status] GET https://firebase.googleapis.com/v1beta1/projects/elite-76b99 200
[debug] [2026-04-02T18:09:47.780Z] <<< [apiv2][body] GET https://firebase.googleapis.com/v1beta1/projects/elite-76b99 {"projectId":"elite-76b99","projectNumber":"250172830175","displayName":"Elite","name":"projects/elite-76b99","resources":{"hostingSite":"elite-76b99"},"state":"ACTIVE","etag":"1_c8041e9a-eda9-4e28-9682-a833817bae2d"}
[info] 
[info] Your public directory is the folder (relative to your project directory) that
[info] will contain Hosting assets to be uploaded with firebase deploy. If you
[info] have a build process for your assets, use your build's output directory.
[info] 
[info] 
[info] i  Didn't detect a .git folder. Assuming C:\Users\natou\Documents\GitHub\Elite is the project root. 
[info] i  Authorizing with GitHub to upload your service account to a GitHub repository's secrets store. 
[info] 
[info] Visit this URL on this device to log in:
[info] https://github.com/login/oauth/authorize?client_id=89cf50f02ac6aaed3484&state=643583135&redirect_uri=http%3A%2F%2Flocalhost%3A9005&scope=read%3Auser%20repo%20public_repo
[info] 
[info] Waiting for authentication...
